<?xml version="1.0" encoding="UTF-8"?>
<testng-results ignored="0" total="1" passed="1" failed="0" skipped="0">
  <reporter-output>
  </reporter-output>
  <suite started-at="2026-08-23T11:17:15 IST" name="Default suite" finished-at="2026-08-23T11:17:22 IST" duration-ms="7128">
    <groups>
    </groups>
    <test started-at="2026-08-23T11:17:15 IST" name="Default test" finished-at="2026-08-23T11:17:22 IST" duration-ms="7128">
      <class name="LocatorsAssignment.LaunchPage3">
        <test-method signature="automationPracticeTest()[pri:0, instance:LocatorsAssignment.LaunchPage3@7c7b252e]" started-at="2026-08-23T11:17:15 IST" name="automationPracticeTest" finished-at="2026-08-23T11:17:22 IST" duration-ms="7027" status="PASS">
          <reporter-output>
          </reporter-output>
        </test-method> <!-- automationPracticeTest -->
      </class> <!-- LocatorsAssignment.LaunchPage3 -->
    </test> <!-- Default test -->
  </suite> <!-- Default suite -->
</testng-results>
